L 07/03/2017 - 21:15:07: server_cvar: "cash_player_interact_with_hostage" "300"
L 07/03/2017 - 21:15:07: server_cvar: "cash_team_elimination_hostage_map_t" "3000"
L 07/03/2017 - 21:15:07: server_cvar: "cash_team_elimination_hostage_map_ct" "3000"
L 07/03/2017 - 21:15:07: server_cvar: "cash_team_hostage_interaction" "600"
L 07/03/2017 - 21:15:07: server_cvar: "cash_team_rescued_hostage" "600"
L 07/03/2017 - 21:15:07: server_cvar: "cash_team_win_by_defusing_bomb" "3500"
L 07/03/2017 - 21:15:07: server_cvar: "cash_team_win_by_hostage_rescue" "2900"
L 07/03/2017 - 21:15:07: server_cvar: "mp_freezetime" "15"
L 07/03/2017 - 21:15:07: server_cvar: "mp_friendlyfire" "1"
L 07/03/2017 - 21:15:07: server_cvar: "mp_maxrounds" "30"
L 07/03/2017 - 21:15:07: server_cvar: "mp_roundtime" "1.92"
L 07/03/2017 - 21:15:07: server_cvar: "mp_roundtime_hostage" "1.92"
L 07/03/2017 - 21:15:07: server_cvar: "mp_roundtime_defuse" "1.92"
L 07/03/2017 - 21:15:07: server_cvar: "mp_timelimit" "0"
L 07/03/2017 - 21:15:07: server_cvar: "sv_deadtalk" "1"
L 07/03/2017 - 21:15:07: server_cvar: "cash_player_interact_with_hostage" "150"
L 07/03/2017 - 21:15:07: server_cvar: "cash_team_hostage_alive" "150"
L 07/03/2017 - 21:15:07: server_cvar: "cash_team_hostage_interaction" "150"
L 07/03/2017 - 21:15:07: server_cvar: "cash_team_rescued_hostage" "750"
L 07/03/2017 - 21:15:07: server_cvar: "cash_team_win_by_hostage_rescue" "3500"
L 07/03/2017 - 21:15:07: server_cvar: "cash_team_elimination_hostage_map_ct" "2000"
L 07/03/2017 - 21:15:07: server_cvar: "cash_team_elimination_hostage_map_t" "1000"
L 07/03/2017 - 21:15:07: server_cvar: "mp_autoteambalance" "0"
L 07/03/2017 - 21:15:07: server_cvar: "mp_freezetime" "12"
L 07/03/2017 - 21:15:07: server_cvar: "mp_limitteams" "0"
L 07/03/2017 - 21:15:07: server_cvar: "sv_contact" "0"
L 07/03/2017 - 21:15:07: server_cvar: "sv_kick_ban_duration" "0"
L 07/03/2017 - 21:15:07: server_cvar: "sv_competitive_official_5v5" "1"
L 07/03/2017 - 21:15:09: "GOTV<2><BOT><>" connected, address ""
L 07/03/2017 - 21:15:09: "GOTV<2><BOT><>" entered the game
L 07/03/2017 - 21:15:09: server_cvar: "wm_autodemoupload_completed" "0"
L 07/03/2017 - 21:15:09: server_cvar: "wm_pause_confirm" "0"
L 07/03/2017 - 21:15:09: server_cvar: "wm_pause_limit" "5"
L 07/03/2017 - 21:15:09: server_cvar: "wm_warmup_respawn" "1"
L 07/03/2017 - 21:15:09: server_cvar: "wm_block_warm_up_grenades" "1"
L 07/03/2017 - 21:15:09: server_cvar: "mp_freezetime" "0"
L 07/03/2017 - 21:15:09: server_cvar: "mp_friendlyfire" "0"
L 07/03/2017 - 21:15:09: server_cvar: "mp_roundtime_defuse" "1.75"
L 07/03/2017 - 21:15:09: "Console<0><Console><Console>" say "WarMod [BFG] WarmUp Config Loaded"
L 07/03/2017 - 21:15:09: server_cvar: "mp_freezetime" "12"
L 07/03/2017 - 21:15:09: server_cvar: "mp_friendlyfire" "1"
L 07/03/2017 - 21:15:09: server_cvar: "mp_roundtime_defuse" "1.92"
L 07/03/2017 - 21:15:09: server_cvar: "mp_freezetime" "0"
L 07/03/2017 - 21:15:09: server_cvar: "mp_friendlyfire" "0"
L 07/03/2017 - 21:15:09: server_cvar: "mp_roundtime_defuse" "1.75"
L 07/03/2017 - 21:15:09: "Console<0><Console><Console>" say "WarMod [BFG] WarmUp Config Loaded"
L 07/03/2017 - 21:15:09: World triggered "Round_Start"
L 07/03/2017 - 21:15:09: server_cvar: "sm_nextmap" "de_aztec"
L 07/03/2017 - 21:15:10: rcon from "0.0.0.0:41380": command "status"
L 07/03/2017 - 21:15:10: "Console<0><Console><Console>" say "Today is July 3, this month's donations have paid for 0 percent of our server bills. Please donate at csgo.serveme.tf to keep this service alive"
L 07/03/2017 - 21:15:10: rcon from "0.0.0.0:41382": command "say Today is July 3, this month's donations have paid for 0 percent of our server bills. Please donate at csgo.serveme.tf to keep this service alive"
L 07/03/2017 - 21:15:10: rcon from "0.0.0.0:41380": command "stats"
L 07/03/2017 - 21:15:23: server_cvar: "nextlevel" "de_dust"
L 07/03/2017 - 21:15:23: [META] Loaded 0 plugins (1 already loaded)
L 07/03/2017 - 21:15:23: [META] Loaded 0 plugins (1 already loaded)
L 07/03/2017 - 21:15:23: Log file closed
L 07/03/2017 - 21:15:23: Log file started (file "logfiles/L005_200_027_206_27335_201707032115_001.log") (game "/home/csgo/csgo03/csgo") (version "6796")
L 07/03/2017 - 21:15:23: Loading map "de_dust"
L 07/03/2017 - 21:15:23: server cvars start
L 07/03/2017 - 21:15:23: "wm_require_names" = "0"
L 07/03/2017 - 21:15:23: "cash_player_killed_teammate" = "-300"
L 07/03/2017 - 21:15:23: "cash_player_respawn_amount" = "0"
L 07/03/2017 - 21:15:23: "sv_maxspeed" = "320"
L 07/03/2017 - 21:15:23: "wm_auto_record" = "1"
L 07/03/2017 - 21:15:23: "wm_stats_trace" = "0"
L 07/03/2017 - 21:15:23: "cash_team_rescued_hostage" = "750"
L 07/03/2017 - 21:15:23: "wm_active" = "1"
L 07/03/2017 - 21:15:23: "cash_team_win_by_defusing_bomb" = "3500"
L 07/03/2017 - 21:15:23: "wm_veto_knife" = "1"
L 07/03/2017 - 21:15:23: "sv_rollangle" = "0"
L 07/03/2017 - 21:15:23: "r_AirboatViewZHeight" = "0.0"
L 07/03/2017 - 21:15:23: "sv_cheats" = "0"
L 07/03/2017 - 21:15:23: "r_VehicleViewDampen" = "1"
L 07/03/2017 - 21:15:23: "wm_block_warm_up_grenades" = "1"
L 07/03/2017 - 21:15:23: "metamod_version" = "1.10.7-devV"
L 07/03/2017 - 21:15:23: "wm_random_team_names" = "0"
L 07/03/2017 - 21:15:23: "wm_require_logos" = "0"
L 07/03/2017 - 21:15:23: "mp_allowNPCs" = "1"
L 07/03/2017 - 21:15:23: "wm_autodemoupload_bzip2" = "9"
L 07/03/2017 - 21:15:23: "mp_tournament" = "0"
L 07/03/2017 - 21:15:23: "wm_warmup_respawn" = "1"
L 07/03/2017 - 21:15:23: "sv_spec_hear" = "1"
L 07/03/2017 - 21:15:23: "cash_player_interact_with_hostage" = "150"
L 07/03/2017 - 21:15:23: "mp_maxrounds" = "30"
L 07/03/2017 - 21:15:23: "mp_flashlight" = "0"
L 07/03/2017 - 21:15:23: "sv_tags" = ""
L 07/03/2017 - 21:15:23: "sv_stepsize" = "18"
L 07/03/2017 - 21:15:23: "sv_alltalk" = "0"
L 07/03/2017 - 21:15:23: "mp_teamlist" = "hgrunt;scientist"
L 07/03/2017 - 21:15:23: "wm_upload_results" = "0"
L 07/03/2017 - 21:15:23: "wm_version_notify" = "17.01.22.1317"
L 07/03/2017 - 21:15:23: "mp_footsteps" = "1"
L 07/03/2017 - 21:15:23: "sv_noclipaccelerate" = "5"
L 07/03/2017 - 21:15:23: "sv_accelerate_debug_speed" = "0"
L 07/03/2017 - 21:15:23: "sv_wateraccelerate" = "10"
L 07/03/2017 - 21:15:23: "mp_stalemate_enable" = "0"
L 07/03/2017 - 21:15:23: "mp_autocrosshair" = "1"
L 07/03/2017 - 21:15:23: "sourcemod_version" = "1.9.0.6080"
L 07/03/2017 - 21:15:23: "cash_team_elimination_bomb_map" = "3250"
L 07/03/2017 - 21:15:23: "cash_player_get_killed" = "0"
L 07/03/2017 - 21:15:23: "wm_prefix_logs" = "1"
L 07/03/2017 - 21:15:23: "mp_roundtime_defuse" = "1.75"
L 07/03/2017 - 21:15:23: "sv_autobuyammo" = "0"
L 07/03/2017 - 21:15:23: "wm_autodemoupload_enable" = "1"
L 07/03/2017 - 21:15:23: "wm_auto_knife" = "0"
L 07/03/2017 - 21:15:23: "sv_rollspeed" = "200"
L 07/03/2017 - 21:15:23: "sv_airaccelerate" = "12"
L 07/03/2017 - 21:15:23: "wm_reset_config_delay" = "1"
L 07/03/2017 - 21:15:23: "sv_show_team_equipment_prohibit" = "0"
L 07/03/2017 - 21:15:23: "mp_teams_unbalance_limit" = "1"
L 07/03/2017 - 21:15:23: "mp_timelimit" = "0"
L 07/03/2017 - 21:15:23: "cash_team_loser_bonus" = "1400"
L 07/03/2017 - 21:15:23: "sv_deadtalk" = "1"
L 07/03/2017 - 21:15:23: "wm_ban_on_disconnect" = "0"
L 07/03/2017 - 21:15:23: "wm_knife_zeus" = "0"
L 07/03/2017 - 21:15:23: "cash_player_rescued_hostage" = "1000"
L 07/03/2017 - 21:15:23: "wm_stats_enabled" = "1"
L 07/03/2017 - 21:15:23: "wm_stats_trace_delay" = "5"
L 07/03/2017 - 21:15:23: "wm_knife_flashbang" = "0"
L 07/03/2017 - 21:15:23: "wm_ready_panel" = "1"
L 07/03/2017 - 21:15:23: "sv_waterfriction" = "1"
L 07/03/2017 - 21:15:23: "sv_competitive_official_5v5" = "1"
L 07/03/2017 - 21:15:23: "sv_steamgroup" = ""
L 07/03/2017 - 21:15:23: "wm_max_players" = "10"
L 07/03/2017 - 21:15:23: "cash_player_killed_enemy_default" = "300"
L 07/03/2017 - 21:15:23: "coop" = "0"
L 07/03/2017 - 21:15:23: "mp_respawnwavetime" = "10.0"
L 07/03/2017 - 21:15:23: "wm_veto_bo3" = "0"
L 07/03/2017 - 21:15:23: "sv_teamid_overhead" = "1"
L 07/03/2017 - 21:15:23: "wm_autodemoupload_completed" = "0"
L 07/03/2017 - 21:15:23: "tv_enable1" = "0"
L 07/03/2017 - 21:15:23: "wm_min_ready" = "10"
L 07/03/2017 - 21:15:23: "nextlevel" = "de_dust"
L 07/03/2017 - 21:15:23: "sv_stopspeed" = "80"
L 07/03/2017 - 21:15:23: "sv_specaccelerate" = "5"
L 07/03/2017 - 21:15:23: "wm_veto" = "1"
L 07/03/2017 - 21:15:23: "deathmatch" = "1"
L 07/03/2017 - 21:15:23: "wm_warmod_safemode" = "0"
L 07/03/2017 - 21:15:23: "tv_enable" = "1"
L 07/03/2017 - 21:15:23: "wm_ready_tag" = "1"
L 07/03/2017 - 21:15:23: "wm_name_fix" = "0"
L 07/03/2017 - 21:15:23: "mp_roundtime_hostage" = "1.92"
L 07/03/2017 - 21:15:23: "mp_freezetime" = "0"
L 07/03/2017 - 21:15:23: "mp_teammates_are_enemies" = "0"
L 07/03/2017 - 21:15:23: "mp_falldamage" = "0"
L 07/03/2017 - 21:15:23: "wm_pause_confirm" = "0"
L 07/03/2017 - 21:15:23: "wm_veto_select" = "1"
L 07/03/2017 - 21:15:23: "sv_accelerate_use_weapon_speed" = "1"
L 07/03/2017 - 21:15:23: "sv_voiceenable" = "1"
L 07/03/2017 - 21:15:23: "wm_knife_auto_start" = "0"
L 07/03/2017 - 21:15:23: "sv_teamid_overhead_always_prohibit" = "0"
L 07/03/2017 - 21:15:23: "wm_unpause_confirm" = "1"
L 07/03/2017 - 21:15:23: "sv_bounce" = "0"
L 07/03/2017 - 21:15:23: "mp_disable_respawn_times" = "0"
L 07/03/2017 - 21:15:23: "r_AirboatViewDampenFreq" = "7.0"
L 07/03/2017 - 21:15:23: "mp_weaponstay" = "0"
L 07/03/2017 - 21:15:23: "mp_hostagepenalty" = "10"
L 07/03/2017 - 21:15:23: "tv_advertise_watchable" = "1"
L 07/03/2017 - 21:15:23: "mp_friendlyfire" = "0"
L 07/03/2017 - 21:15:23: "cash_team_hostage_interaction" = "150"
L 07/03/2017 - 21:15:23: "sv_noclipspeed" = "5"
L 07/03/2017 - 21:15:23: "cash_team_win_by_time_running_out_bomb" = "3250"
L 07/03/2017 - 21:15:23: "sv_allchat" = "1"
L 07/03/2017 - 21:15:23: "wm_pugsetup_maplist_file" = "warmod/veto_maps_list.txt"
L 07/03/2017 - 21:15:23: "mp_buy_during_immunity" = "0"
L 07/03/2017 - 21:15:23: "cash_player_killed_enemy_factor" = "1"
L 07/03/2017 - 21:15:23: "mp_c4timer" = "40"
L 07/03/2017 - 21:15:23: "r_JeepViewDampenDamp" = "1.0"
L 07/03/2017 - 21:15:23: "wm_lock_teams" = "1"
L 07/03/2017 - 21:15:23: "sv_competitive_minspec" = "1"
L 07/03/2017 - 21:15:23: "r_AirboatViewDampenDamp" = "1.0"
L 07/03/2017 - 21:15:23: "wm_pause_limit" = "5"
L 07/03/2017 - 21:15:23: "wm_knife_helmet" = "0"
L 07/03/2017 - 21:15:23: "sm_nextmap" = "de_aztec"
L 07/03/2017 - 21:15:23: "sv_max_allowed_net_graph" = "1"
L 07/03/2017 - 21:15:23: "mp_stalemate_at_timelimit" = "0"
L 07/03/2017 - 21:15:23: "wm_pugsetup_randomize_maps" = "1"
L 07/03/2017 - 21:15:23: "wm_knife_armor" = "1"
L 07/03/2017 - 21:15:23: "wm_logos_menu_only" = "0"
L 07/03/2017 - 21:15:23: "mp_limitteams" = "0"
L 07/03/2017 - 21:15:23: "sv_footsteps" = "1"
L 07/03/2017 - 21:15:23: "sv_vote_issue_kick_allowed" = "1"
L 07/03/2017 - 21:15:23: "wm_auto_unpause_delay" = "180"
L 07/03/2017 - 21:15:23: "wm_auto_pause" = "0"
L 07/03/2017 - 21:15:23: "cash_team_survive_guardian_wave" = "1000"
L 07/03/2017 - 21:15:23: "tv_relaypassword" = "tv"
L 07/03/2017 - 21:15:23: "wm_auto_unpause" = "1"
L 07/03/2017 - 21:15:23: "mp_teamplay" = "0"
L 07/03/2017 - 21:15:23: "cash_team_terrorist_win_bomb" = "3500"
L 07/03/2017 - 21:15:23: "cash_team_elimination_hostage_map_t" = "1000"
L 07/03/2017 - 21:15:23: "r_JeepViewDampenFreq" = "7.0"
L 07/03/2017 - 21:15:23: "cash_team_win_by_time_running_out_hostage" = "3250"
L 07/03/2017 - 21:15:23: "sv_specnoclip" = "1"
L 07/03/2017 - 21:15:23: "sv_friction" = "5.2"
L 07/03/2017 - 21:15:23: "cash_player_bomb_planted" = "300"
L 07/03/2017 - 21:15:23: "mp_autoteambalance" = "0"
L 07/03/2017 - 21:15:23: "wm_auto_ready" = "1"
L 07/03/2017 - 21:15:23: "sv_contact" = "0"
L 07/03/2017 - 21:15:23: "wm_stats_method" = "2"
L 07/03/2017 - 21:15:23: "sv_vote_kick_ban_duration" = "15"
L 07/03/2017 - 21:15:23: "cash_player_bomb_defused" = "300"
L 07/03/2017 - 21:15:23: "mp_roundtime" = "1.92"
L 07/03/2017 - 21:15:23: "wm_knife_hegrenade" = "0"
L 07/03/2017 - 21:15:23: "sv_kick_ban_duration" = "0"
L 07/03/2017 - 21:15:23: "cash_team_planted_bomb_but_defused" = "800"
L 07/03/2017 - 21:15:23: "wm_knife_smokegrenade" = "0"
L 07/03/2017 - 21:15:23: "cash_player_killed_hostage" = "-1000"
L 07/03/2017 - 21:15:23: "sv_vote_issue_loadbackup_allowed" = "1"
L 07/03/2017 - 21:15:23: "wm_ingame_scores" = "1"
L 07/03/2017 - 21:15:23: "wm_autodemoupload_delete" = "0"
L 07/03/2017 - 21:15:23: "nextmode" = ""
L 07/03/2017 - 21:15:23: "wm_captain_from_file" = "0"
L 07/03/2017 - 21:15:23: "mp_fraglimit" = "0"
L 07/03/2017 - 21:15:23: "sm_updater_version" = "1.2.2"
L 07/03/2017 - 21:15:23: "mp_forcerespawn" = "1"
L 07/03/2017 - 21:15:23: "wm_show_info" = "1"
L 07/03/2017 - 21:15:23: "mp_winlimit" = "0"
L 07/03/2017 - 21:15:23: "sv_accelerate" = "5.5"
L 07/03/2017 - 21:15:23: "mp_buy_anywhere" = "0"
L 07/03/2017 - 21:15:23: "sv_gravity" = "800"
L 07/03/2017 - 21:15:23: "sv_password" = "43213"
L 07/03/2017 - 21:15:23: "cash_team_elimination_hostage_map_ct" = "2000"
L 07/03/2017 - 21:15:23: "wm_ban_percentage" = "0.75"
L 07/03/2017 - 21:15:23: "cash_team_win_by_hostage_rescue" = "3500"
L 07/03/2017 - 21:15:23: "wm_veto_random" = "0"
L 07/03/2017 - 21:15:23: "cash_team_loser_bonus_consecutive_rounds" = "500"
L 07/03/2017 - 21:15:23: "cash_player_damage_hostage" = "-30"
L 07/03/2017 - 21:15:23: "r_JeepViewZHeight" = "10.0"
L 07/03/2017 - 21:15:23: "cash_team_hostage_alive" = "150"
L 07/03/2017 - 21:15:23: "tv_password" = "92420"
L 07/03/2017 - 21:15:23: "sv_specspeed" = "3"
L 07/03/2017 - 21:15:23: server cvars end
L 07/03/2017 - 21:15:24: Started map "de_dust" (CRC "1112256951")
L 07/03/2017 - 21:15:24: server_cvar: "cash_team_hostage_alive" "0"
L 07/03/2017 - 21:15:24: server_cvar: "cash_team_hostage_interaction" "500"
L 07/03/2017 - 21:15:24: server_cvar: "cash_team_rescued_hostage" "0"
L 07/03/2017 - 21:15:24: server_cvar: "cash_team_win_by_defusing_bomb" "3250"
L 07/03/2017 - 21:15:24: server_cvar: "mp_autoteambalance" "1"
L 07/03/2017 - 21:15:24: server_cvar: "mp_freezetime" "6"
L 07/03/2017 - 21:15:24: server_cvar: "mp_limitteams" "2"
L 07/03/2017 - 21:15:24: server_cvar: "mp_maxrounds" "0"
L 07/03/2017 - 21:15:24: server_cvar: "mp_roundtime" "5"
L 07/03/2017 - 21:15:24: server_cvar: "mp_roundtime_defuse" "0"
L 07/03/2017 - 21:15:24: server_cvar: "mp_roundtime_hostage" "0"
L 07/03/2017 - 21:15:24: server_cvar: "mp_timelimit" "5"
L 07/03/2017 - 21:15:24: server_cvar: "sv_deadtalk" "0"
L 07/03/2017 - 21:15:24: server_cvar: "nextlevel" ""
L 07/03/2017 - 21:15:24: server_cvar: "sv_password" "***PROTECTED***"
L 07/03/2017 - 21:15:24: Log file closed
L 07/03/2017 - 21:15:24: Log file started (file "logfiles/L005_200_027_206_27335_201707032115_002.log") (game "/home/csgo/csgo03/csgo") (version "6796")
L 07/03/2017 - 21:15:24: server_cvar: "sv_password" "***PROTECTED***"
L 07/03/2017 - 21:15:24: server_cvar: "cash_player_interact_with_hostage" "300"
L 07/03/2017 - 21:15:24: server_cvar: "cash_team_elimination_hostage_map_t" "3000"
L 07/03/2017 - 21:15:24: server_cvar: "cash_team_elimination_hostage_map_ct" "3000"
L 07/03/2017 - 21:15:24: server_cvar: "cash_team_hostage_interaction" "600"
L 07/03/2017 - 21:15:24: server_cvar: "cash_team_rescued_hostage" "600"
L 07/03/2017 - 21:15:24: server_cvar: "cash_team_win_by_defusing_bomb" "3500"
L 07/03/2017 - 21:15:24: server_cvar: "cash_team_win_by_hostage_rescue" "2900"
L 07/03/2017 - 21:15:24: server_cvar: "mp_freezetime" "15"
L 07/03/2017 - 21:15:24: server_cvar: "mp_friendlyfire" "1"
L 07/03/2017 - 21:15:24: server_cvar: "mp_maxrounds" "30"
L 07/03/2017 - 21:15:24: server_cvar: "mp_roundtime" "1.92"
L 07/03/2017 - 21:15:24: server_cvar: "mp_roundtime_hostage" "1.92"
L 07/03/2017 - 21:15:24: server_cvar: "mp_roundtime_defuse" "1.92"
L 07/03/2017 - 21:15:24: server_cvar: "mp_timelimit" "0"
L 07/03/2017 - 21:15:24: server_cvar: "sv_deadtalk" "1"
L 07/03/2017 - 21:15:24: server_cvar: "cash_player_interact_with_hostage" "150"
L 07/03/2017 - 21:15:24: server_cvar: "cash_team_hostage_alive" "150"
L 07/03/2017 - 21:15:24: server_cvar: "cash_team_hostage_interaction" "150"
L 07/03/2017 - 21:15:24: server_cvar: "cash_team_rescued_hostage" "750"
L 07/03/2017 - 21:15:24: server_cvar: "cash_team_win_by_hostage_rescue" "3500"
L 07/03/2017 - 21:15:24: server_cvar: "cash_team_elimination_hostage_map_ct" "2000"
L 07/03/2017 - 21:15:24: server_cvar: "cash_team_elimination_hostage_map_t" "1000"
L 07/03/2017 - 21:15:24: server_cvar: "mp_autoteambalance" "0"
L 07/03/2017 - 21:15:24: server_cvar: "mp_freezetime" "12"
L 07/03/2017 - 21:15:24: server_cvar: "mp_limitteams" "0"
L 07/03/2017 - 21:15:26: "GOTV<2><BOT><>" entered the game
L 07/03/2017 - 21:15:26: server_cvar: "mp_freezetime" "0"
L 07/03/2017 - 21:15:26: server_cvar: "mp_friendlyfire" "0"
L 07/03/2017 - 21:15:26: server_cvar: "mp_roundtime_defuse" "1.75"
L 07/03/2017 - 21:15:26: "Console<0><Console><Console>" say "WarMod [BFG] WarmUp Config Loaded"
L 07/03/2017 - 21:15:26: server_cvar: "mp_freezetime" "12"
L 07/03/2017 - 21:15:26: server_cvar: "mp_friendlyfire" "1"
L 07/03/2017 - 21:15:26: server_cvar: "mp_roundtime_defuse" "1.92"
L 07/03/2017 - 21:15:26: server_cvar: "mp_freezetime" "0"
L 07/03/2017 - 21:15:26: server_cvar: "mp_friendlyfire" "0"
L 07/03/2017 - 21:15:26: server_cvar: "mp_roundtime_defuse" "1.75"
L 07/03/2017 - 21:15:26: "Console<0><Console><Console>" say "WarMod [BFG] WarmUp Config Loaded"
L 07/03/2017 - 21:15:26: "• Ben •<3><STEAM_1:0:160621749><>" connected, address ""
L 07/03/2017 - 21:15:26: World triggered "Round_Start"
L 07/03/2017 - 21:15:27: "• Ben •<3><STEAM_1:0:160621749><>" STEAM USERID validated
L 07/03/2017 - 21:15:31: "• Ben •<3><STEAM_1:0:160621749><>" entered the game
L 07/03/2017 - 21:15:34: "• Ben •<3><STEAM_1:0:160621749><Unassigned>" triggered "clantag" (value "")
L 07/03/2017 - 21:15:35: "• Ben •<3><STEAM_1:0:160621749>" switched from team <Unassigned> to <TERRORIST>
L 07/03/2017 - 21:15:35: World triggered "Game_Commencing"
L 07/03/2017 - 21:15:35: "• Ben •<3><STEAM_1:0:160621749><TERRORIST>" triggered "clantag" (value "")
L 07/03/2017 - 21:15:36: Starting Freeze period
L 07/03/2017 - 21:15:36: World triggered "Match_Start" on "de_dust"
L 07/03/2017 - 21:15:38: World triggered "Round_Start"
L 07/03/2017 - 21:15:55: "• Ben •<3><STEAM_1:0:160621749><TERRORIST>" say "!rcon changelevel de_dust2"
L 07/03/2017 - 21:16:11: rcon from "0.0.0.0:41384": command "status"
L 07/03/2017 - 21:16:11: rcon from "0.0.0.0:41384": command "stats"
L 07/03/2017 - 21:17:11: rcon from "0.0.0.0:41386": command "status"
L 07/03/2017 - 21:17:11: rcon from "0.0.0.0:41386": command "stats"
L 07/03/2017 - 21:17:19: "• Ben •<3><STEAM_1:0:160621749><TERRORIST>" say "!rcon changelevel de_dust2"
L 07/03/2017 - 21:17:50: "• Ben •<3><STEAM_1:0:160621749><TERRORIST>" say "!rcon changelevel de_dust2"
L 07/03/2017 - 21:18:21: rcon from "0.0.0.0:41408": command "status"
L 07/03/2017 - 21:18:21: rcon from "0.0.0.0:41408": command "stats"
L 07/03/2017 - 21:20:07: "• Ben •<3><STEAM_1:0:160621749><TERRORIST>" say "!rcon changelevel de_dust2"
L 07/03/2017 - 21:20:10: "• Ben •<3><STEAM_1:0:160621749><TERRORIST>" left buyzone with [ weapon_knife_t weapon_glock ]
L 07/03/2017 - 21:21:11: rcon from "0.0.0.0:41420": command "status"
L 07/03/2017 - 21:21:11: rcon from "0.0.0.0:41420": command "stats"
L 07/03/2017 - 21:22:34: "• Ben •<3><STEAM_1:0:160621749><TERRORIST>" left buyzone with [ weapon_knife_t weapon_glock ]
L 07/03/2017 - 21:23:02: rcon from "0.0.0.0:41426": command "status"
L 07/03/2017 - 21:23:02: rcon from "0.0.0.0:41426": command "stats"
L 07/03/2017 - 21:23:39: "• Ben •<3><STEAM_1:0:160621749><TERRORIST>" left buyzone with [ weapon_knife_t weapon_glock ]
L 07/03/2017 - 21:24:00: "• Ben •<3><STEAM_1:0:160621749><TERRORIST>" left buyzone with [ weapon_knife_t weapon_glock ]
L 07/03/2017 - 21:24:20: "• Ben •<3><STEAM_1:0:160621749><TERRORIST>" say "!ready"
L 07/03/2017 - 21:24:25: "• Ben •<3><STEAM_1:0:160621749><TERRORIST>" say "!rcon changelevel"
L 07/03/2017 - 21:24:30: "• Ben •<3><STEAM_1:0:160621749><TERRORIST>" left buyzone with [ weapon_knife_t weapon_glock ]
L 07/03/2017 - 21:25:10: rcon from "0.0.0.0:41430": command "status"
L 07/03/2017 - 21:25:10: rcon from "0.0.0.0:41430": command "stats"
L 07/03/2017 - 21:25:22: "• Ben •<3><STEAM_1:0:160621749><TERRORIST>" say "rcon changelevel de_dust2"
L 07/03/2017 - 21:25:26: "• Ben •<3><STEAM_1:0:160621749><TERRORIST>" say "!rcon changelevel de_dust2"
L 07/03/2017 - 21:25:50: "• Ben •<3><STEAM_1:0:160621749><TERRORIST>" left buyzone with [ weapon_knife_t weapon_glock ]
L 07/03/2017 - 21:25:52: "• Ben •<3><STEAM_1:0:160621749><TERRORIST>" left buyzone with [ weapon_knife_t weapon_glock ]
L 07/03/2017 - 21:26:18: rcon from "0.0.0.0:41432": command "status"
L 07/03/2017 - 21:26:18: rcon from "0.0.0.0:41432": command "stats"
L 07/03/2017 - 21:27:53: "• Ben •<3><STEAM_1:0:160621749><TERRORIST>" left buyzone with [ weapon_knife_t weapon_glock ]
L 07/03/2017 - 21:27:55: "• Ben •<3><STEAM_1:0:160621749><TERRORIST>" disconnected (reason "Disconnect")
L 07/03/2017 - 21:27:55: "• Ben •<3><STEAM_1:0:160621749>" switched from team <TERRORIST> to <Unassigned>
L 07/03/2017 - 21:28:05: rcon from "0.0.0.0:41434": command "status"
L 07/03/2017 - 21:28:05: rcon from "0.0.0.0:41434": command "stats"
L 07/03/2017 - 21:28:22: rcon from "0.0.0.0:41442": command "sv_logflush 1; tv_stoprecord; kickall Reservation ended, every player can download the STV demo at http:/​/csgo.serveme.tf"
L 07/03/2017 - 21:28:23: [META] Loaded 0 plugins (1 already loaded)
L 07/03/2017 - 21:28:23: "GOTV<2><BOT><>" disconnected (reason "Server shutting down")
L 07/03/2017 - 21:28:24: server_message: "quit"
L 07/03/2017 - 21:28:24: Log file closed
L 07/03/2017 - 21:28:24: server_message: "restart"
